Analysis & Synthesis report for Top
Mon May 01 17:42:01 2017
Quartus Prime Version 16.1.0 Build 196 10/24/2016 SJ Lite Edition


---------------------
; Table of Contents ;
---------------------
  1. Legal Notice
  2. Analysis & Synthesis Summary
  3. Analysis & Synthesis Settings
  4. Parallel Compilation
  5. Analysis & Synthesis Source Files Read
  6. Analysis & Synthesis Resource Usage Summary
  7. Analysis & Synthesis Resource Utilization by Entity
  8. State Machine - |Top|Receiver:myReceiver|state
  9. State Machine - |Top|LineFollow:lf1|state
 10. Registers Removed During Synthesis
 11. Removed Registers Triggering Further Register Optimizations
 12. General Register Statistics
 13. Inverted Register Statistics
 14. Multiplexer Restructuring Statistics (Restructuring Performed)
 15. Parameter Settings for User Entity Instance: LightSensorFilter:lsf1
 16. Parameter Settings for User Entity Instance: LightSensorFilter:lsf2
 17. Parameter Settings for User Entity Instance: LightSensorFilter:lsf3
 18. Parameter Settings for User Entity Instance: LineFollow:lf1
 19. Parameter Settings for User Entity Instance: LineFollow:lf1|PWM:pwmleft
 20. Parameter Settings for User Entity Instance: LineFollow:lf1|PWM:pwmright
 21. Parameter Settings for User Entity Instance: Receiver:myReceiver
 22. Parameter Settings for User Entity Instance: Translator:myTranslator
 23. Port Connectivity Checks: "Receiver:myReceiver"
 24. Analysis & Synthesis Messages
 25. Analysis & Synthesis Suppressed Messages



----------------
; Legal Notice ;
----------------
Copyright (C) 2016  Intel Corporation. All rights reserved.
Your use of Intel Corporation's design tools, logic functions 
and other software and tools, and its AMPP partner logic 
functions, and any output files from any of the foregoing 
(including device programming or simulation files), and any 
associated documentation or information are expressly subject 
to the terms and conditions of the Intel Program License 
Subscription Agreement, the Intel Quartus Prime License Agreement,
the Intel MegaCore Function License Agreement, or other 
applicable license agreement, including, without limitation, 
that your use is for the sole purpose of programming logic 
devices manufactured by Intel and sold by Intel or its 
authorized distributors.  Please refer to the applicable 
agreement for further details.



+---------------------------------------------------------------------------+
; Analysis & Synthesis Summary                                              ;
+-----------------------------+---------------------------------------------+
; Analysis & Synthesis Status ; Successful - Mon May 01 17:42:01 2017       ;
; Quartus Prime Version       ; 16.1.0 Build 196 10/24/2016 SJ Lite Edition ;
; Revision Name               ; Top                                         ;
; Top-level Entity Name       ; Top                                         ;
; Family                      ; MAX II                                      ;
; Total logic elements        ; 153                                         ;
; Total pins                  ; 18                                          ;
; Total virtual pins          ; 0                                           ;
; UFM blocks                  ; 0 / 1 ( 0 % )                               ;
+-----------------------------+---------------------------------------------+


+----------------------------------------------------------------------------------------------------------------------+
; Analysis & Synthesis Settings                                                                                        ;
+----------------------------------------------------------------------------+--------------------+--------------------+
; Option                                                                     ; Setting            ; Default Value      ;
+----------------------------------------------------------------------------+--------------------+--------------------+
; Device                                                                     ; EPM240T100C5       ;                    ;
; Top-level entity name                                                      ; Top                ; Top                ;
; Family name                                                                ; MAX II             ; Cyclone V          ;
; Use smart compilation                                                      ; Off                ; Off                ;
; Enable parallel Assembler and TimeQuest Timing Analyzer during compilation ; On                 ; On                 ;
; Enable compact report table                                                ; Off                ; Off                ;
; Restructure Multiplexers                                                   ; Auto               ; Auto               ;
; Create Debugging Nodes for IP Cores                                        ; Off                ; Off                ;
; Preserve fewer node names                                                  ; On                 ; On                 ;
; OpenCore Plus hardware evaluation                                          ; Enable             ; Enable             ;
; Verilog Version                                                            ; Verilog_2001       ; Verilog_2001       ;
; VHDL Version                                                               ; VHDL_1993          ; VHDL_1993          ;
; State Machine Processing                                                   ; Auto               ; Auto               ;
; Safe State Machine                                                         ; Off                ; Off                ;
; Extract Verilog State Machines                                             ; On                 ; On                 ;
; Extract VHDL State Machines                                                ; On                 ; On                 ;
; Ignore Verilog initial constructs                                          ; Off                ; Off                ;
; Iteration limit for constant Verilog loops                                 ; 5000               ; 5000               ;
; Iteration limit for non-constant Verilog loops                             ; 250                ; 250                ;
; Add Pass-Through Logic to Inferred RAMs                                    ; On                 ; On                 ;
; Infer RAMs from Raw Logic                                                  ; On                 ; On                 ;
; Parallel Synthesis                                                         ; On                 ; On                 ;
; NOT Gate Push-Back                                                         ; On                 ; On                 ;
; Power-Up Don't Care                                                        ; On                 ; On                 ;
; Remove Redundant Logic Cells                                               ; Off                ; Off                ;
; Remove Duplicate Registers                                                 ; On                 ; On                 ;
; Ignore CARRY Buffers                                                       ; Off                ; Off                ;
; Ignore CASCADE Buffers                                                     ; Off                ; Off                ;
; Ignore GLOBAL Buffers                                                      ; Off                ; Off                ;
; Ignore ROW GLOBAL Buffers                                                  ; Off                ; Off                ;
; Ignore LCELL Buffers                                                       ; Off                ; Off                ;
; Ignore SOFT Buffers                                                        ; On                 ; On                 ;
; Limit AHDL Integers to 32 Bits                                             ; Off                ; Off                ;
; Optimization Technique                                                     ; Balanced           ; Balanced           ;
; Carry Chain Length                                                         ; 70                 ; 70                 ;
; Auto Carry Chains                                                          ; On                 ; On                 ;
; Auto Open-Drain Pins                                                       ; On                 ; On                 ;
; Perform WYSIWYG Primitive Resynthesis                                      ; Off                ; Off                ;
; Auto Shift Register Replacement                                            ; Auto               ; Auto               ;
; Allow Shift Register Merging across Hierarchies                            ; Auto               ; Auto               ;
; Auto Clock Enable Replacement                                              ; On                 ; On                 ;
; Allow Synchronous Control Signals                                          ; On                 ; On                 ;
; Force Use of Synchronous Clear Signals                                     ; Off                ; Off                ;
; Auto Resource Sharing                                                      ; Off                ; Off                ;
; Use LogicLock Constraints during Resource Balancing                        ; On                 ; On                 ;
; Ignore translate_off and synthesis_off directives                          ; Off                ; Off                ;
; Report Parameter Settings                                                  ; On                 ; On                 ;
; Report Source Assignments                                                  ; On                 ; On                 ;
; Report Connectivity Checks                                                 ; On                 ; On                 ;
; Ignore Maximum Fan-Out Assignments                                         ; Off                ; Off                ;
; Synchronization Register Chain Length                                      ; 2                  ; 2                  ;
; PowerPlay Power Optimization During Synthesis                              ; Normal compilation ; Normal compilation ;
; HDL message level                                                          ; Level2             ; Level2             ;
; Suppress Register Optimization Related Messages                            ; Off                ; Off                ;
; Number of Removed Registers Reported in Synthesis Report                   ; 5000               ; 5000               ;
; Number of Swept Nodes Reported in Synthesis Report                         ; 5000               ; 5000               ;
; Number of Inverted Registers Reported in Synthesis Report                  ; 100                ; 100                ;
; Clock MUX Protection                                                       ; On                 ; On                 ;
; Block Design Naming                                                        ; Auto               ; Auto               ;
; Synthesis Effort                                                           ; Auto               ; Auto               ;
; Shift Register Replacement - Allow Asynchronous Clear Signal               ; On                 ; On                 ;
; Analysis & Synthesis Message Level                                         ; Medium             ; Medium             ;
; Disable Register Merging Across Hierarchies                                ; Auto               ; Auto               ;
+----------------------------------------------------------------------------+--------------------+--------------------+


+------------------------------------------+
; Parallel Compilation                     ;
+----------------------------+-------------+
; Processors                 ; Number      ;
+----------------------------+-------------+
; Number detected on machine ; 4           ;
; Maximum allowed            ; 2           ;
;                            ;             ;
; Average used               ; 1.00        ;
; Maximum used               ; 1           ;
;                            ;             ;
; Usage by Processor         ; % Time Used ;
;     Processor 1            ; 100.0%      ;
+----------------------------+-------------+


+--------------------------------------------------------------------------------------------------------------------------------------------------------------------------+
; Analysis & Synthesis Source Files Read                                                                                                                                   ;
+----------------------------------+-----------------+------------------------+----------------------------------------------------------------------------------+---------+
; File Name with User-Entered Path ; Used in Netlist ; File Type              ; File Name with Absolute Path                                                     ; Library ;
+----------------------------------+-----------------+------------------------+----------------------------------------------------------------------------------+---------+
; Translator.v                     ; yes             ; User Verilog HDL File  ; C:/Users/Alamin/Documents/ComputerArchitecture/LineFollowNew/Translator.v        ;         ;
; Top.v                            ; yes             ; User Verilog HDL File  ; C:/Users/Alamin/Documents/ComputerArchitecture/LineFollowNew/Top.v               ;         ;
; Receiver.v                       ; yes             ; User Verilog HDL File  ; C:/Users/Alamin/Documents/ComputerArchitecture/LineFollowNew/Receiver.v          ;         ;
; PWM.v                            ; yes             ; User Verilog HDL File  ; C:/Users/Alamin/Documents/ComputerArchitecture/LineFollowNew/PWM.v               ;         ;
; LineFollow.v                     ; yes             ; User Verilog HDL File  ; C:/Users/Alamin/Documents/ComputerArchitecture/LineFollowNew/LineFollow.v        ;         ;
; LightSensorFilter.v              ; yes             ; User Verilog HDL File  ; C:/Users/Alamin/Documents/ComputerArchitecture/LineFollowNew/LightSensorFilter.v ;         ;
+----------------------------------+-----------------+------------------------+----------------------------------------------------------------------------------+---------+


+-----------------------------------------------------+
; Analysis & Synthesis Resource Usage Summary         ;
+---------------------------------------------+-------+
; Resource                                    ; Usage ;
+---------------------------------------------+-------+
; Total logic elements                        ; 153   ;
;     -- Combinational with no register       ; 44    ;
;     -- Register only                        ; 12    ;
;     -- Combinational with a register        ; 97    ;
;                                             ;       ;
; Logic element usage by number of LUT inputs ;       ;
;     -- 4 input functions                    ; 46    ;
;     -- 3 input functions                    ; 19    ;
;     -- 2 input functions                    ; 71    ;
;     -- 1 input functions                    ; 5     ;
;     -- 0 input functions                    ; 0     ;
;                                             ;       ;
; Logic elements by mode                      ;       ;
;     -- normal mode                          ; 91    ;
;     -- arithmetic mode                      ; 62    ;
;     -- qfbk mode                            ; 0     ;
;     -- register cascade mode                ; 0     ;
;     -- synchronous clear/load mode          ; 61    ;
;     -- asynchronous clear/load mode         ; 0     ;
;                                             ;       ;
; Total registers                             ; 109   ;
; Total logic cells in carry chains           ; 67    ;
; I/O pins                                    ; 18    ;
; Maximum fan-out node                        ; clk   ;
; Maximum fan-out                             ; 109   ;
; Total fan-out                               ; 614   ;
; Average fan-out                             ; 3.59  ;
+---------------------------------------------+-------+


+---------------------------------------------------------------------------------------------------------------------------------------------------------------------------------------------------------------------------------------------------------+
; Analysis & Synthesis Resource Utilization by Entity                                                                                                                                                                                                     ;
+------------------------------+-------------+--------------+------------+------+--------------+--------------+-------------------+------------------+-----------------+------------+----------------------------------+-------------------+--------------+
; Compilation Hierarchy Node   ; Logic Cells ; LC Registers ; UFM Blocks ; Pins ; Virtual Pins ; LUT-Only LCs ; Register-Only LCs ; LUT/Register LCs ; Carry Chain LCs ; Packed LCs ; Full Hierarchy Name              ; Entity Name       ; Library Name ;
+------------------------------+-------------+--------------+------------+------+--------------+--------------+-------------------+------------------+-----------------+------------+----------------------------------+-------------------+--------------+
; |Top                         ; 153 (0)     ; 109          ; 0          ; 18   ; 0            ; 44 (0)       ; 12 (0)            ; 97 (0)           ; 67 (0)          ; 0 (0)      ; |Top                             ; Top               ; work         ;
;    |LightSensorFilter:lsf1|  ; 25 (25)     ; 19           ; 0          ; 0    ; 0            ; 6 (6)        ; 1 (1)             ; 18 (18)          ; 17 (17)         ; 0 (0)      ; |Top|LightSensorFilter:lsf1      ; LightSensorFilter ; work         ;
;    |LightSensorFilter:lsf2|  ; 25 (25)     ; 19           ; 0          ; 0    ; 0            ; 6 (6)        ; 1 (1)             ; 18 (18)          ; 17 (17)         ; 0 (0)      ; |Top|LightSensorFilter:lsf2      ; LightSensorFilter ; work         ;
;    |LightSensorFilter:lsf3|  ; 25 (25)     ; 19           ; 0          ; 0    ; 0            ; 6 (6)        ; 1 (1)             ; 18 (18)          ; 17 (17)         ; 0 (0)      ; |Top|LightSensorFilter:lsf3      ; LightSensorFilter ; work         ;
;    |LineFollow:lf1|          ; 40 (23)     ; 25           ; 0          ; 0    ; 0            ; 15 (8)       ; 1 (1)             ; 24 (14)          ; 7 (0)           ; 0 (0)      ; |Top|LineFollow:lf1              ; LineFollow        ; work         ;
;       |PWM:pwmleft|          ; 11 (11)     ; 9            ; 0          ; 0    ; 0            ; 2 (2)        ; 0 (0)             ; 9 (9)            ; 7 (7)           ; 0 (0)      ; |Top|LineFollow:lf1|PWM:pwmleft  ; PWM               ; work         ;
;       |PWM:pwmright|         ; 6 (6)       ; 1            ; 0          ; 0    ; 0            ; 5 (5)        ; 0 (0)             ; 1 (1)            ; 0 (0)           ; 0 (0)      ; |Top|LineFollow:lf1|PWM:pwmright ; PWM               ; work         ;
;    |Receiver:myReceiver|     ; 34 (34)     ; 26           ; 0          ; 0    ; 0            ; 8 (8)        ; 8 (8)             ; 18 (18)          ; 9 (9)           ; 0 (0)      ; |Top|Receiver:myReceiver         ; Receiver          ; work         ;
;    |Translator:myTranslator| ; 4 (4)       ; 1            ; 0          ; 0    ; 0            ; 3 (3)        ; 0 (0)             ; 1 (1)            ; 0 (0)           ; 0 (0)      ; |Top|Translator:myTranslator     ; Translator        ; work         ;
+------------------------------+-------------+--------------+------------+------+--------------+--------------+-------------------+------------------+-----------------+------------+----------------------------------+-------------------+--------------+
Note: For table entries with two numbers listed, the numbers in parentheses indicate the number of resources of the given type used by the specific entity alone. The numbers listed outside of parentheses indicate the total resources of the given type used by the specific entity and all of its sub-entities in the hierarchy.


Encoding Type:  One-Hot
+----------------------------------------------------------------------------------------+
; State Machine - |Top|Receiver:myReceiver|state                                         ;
+------------------+---------------+-----------------+------------------+----------------+
; Name             ; state.stopBit ; state.sampleBit ; state.sampleHold ; state.readyBit ;
+------------------+---------------+-----------------+------------------+----------------+
; state.readyBit   ; 0             ; 0               ; 0                ; 0              ;
; state.sampleHold ; 0             ; 0               ; 1                ; 1              ;
; state.sampleBit  ; 0             ; 1               ; 0                ; 1              ;
; state.stopBit    ; 1             ; 0               ; 0                ; 1              ;
+------------------+---------------+-----------------+------------------+----------------+


Encoding Type:  One-Hot
+-----------------------------------------------------------------------------------------------+
; State Machine - |Top|LineFollow:lf1|state                                                     ;
+-----------+-----------+-----------+-----------+-----------+-----------+-----------+-----------+
; Name      ; state.110 ; state.101 ; state.100 ; state.011 ; state.010 ; state.001 ; state.000 ;
+-----------+-----------+-----------+-----------+-----------+-----------+-----------+-----------+
; state.000 ; 0         ; 0         ; 0         ; 0         ; 0         ; 0         ; 0         ;
; state.001 ; 0         ; 0         ; 0         ; 0         ; 0         ; 1         ; 1         ;
; state.010 ; 0         ; 0         ; 0         ; 0         ; 1         ; 0         ; 1         ;
; state.011 ; 0         ; 0         ; 0         ; 1         ; 0         ; 0         ; 1         ;
; state.100 ; 0         ; 0         ; 1         ; 0         ; 0         ; 0         ; 1         ;
; state.101 ; 0         ; 1         ; 0         ; 0         ; 0         ; 0         ; 1         ;
; state.110 ; 1         ; 0         ; 0         ; 0         ; 0         ; 0         ; 1         ;
+-----------+-----------+-----------+-----------+-----------+-----------+-----------+-----------+


+--------------------------------------------------------------------------------------------+
; Registers Removed During Synthesis                                                         ;
+----------------------------------------+---------------------------------------------------+
; Register name                          ; Reason for Removal                                ;
+----------------------------------------+---------------------------------------------------+
; LineFollow:lf1|rightMotorSpeed[7]      ; Merged with LineFollow:lf1|rightMotorSpeed[5]     ;
; LineFollow:lf1|rightMotorSpeed[1..4]   ; Merged with LineFollow:lf1|rightMotorSpeed[0]     ;
; LineFollow:lf1|PWM:pwmright|counter[7] ; Merged with LineFollow:lf1|PWM:pwmleft|counter[7] ;
; LineFollow:lf1|PWM:pwmright|counter[6] ; Merged with LineFollow:lf1|PWM:pwmleft|counter[6] ;
; LineFollow:lf1|PWM:pwmright|counter[5] ; Merged with LineFollow:lf1|PWM:pwmleft|counter[5] ;
; LineFollow:lf1|PWM:pwmright|counter[4] ; Merged with LineFollow:lf1|PWM:pwmleft|counter[4] ;
; LineFollow:lf1|PWM:pwmright|counter[3] ; Merged with LineFollow:lf1|PWM:pwmleft|counter[3] ;
; LineFollow:lf1|PWM:pwmright|counter[2] ; Merged with LineFollow:lf1|PWM:pwmleft|counter[2] ;
; LineFollow:lf1|PWM:pwmright|counter[1] ; Merged with LineFollow:lf1|PWM:pwmleft|counter[1] ;
; LineFollow:lf1|PWM:pwmright|counter[0] ; Merged with LineFollow:lf1|PWM:pwmleft|counter[0] ;
; LineFollow:lf1|leftMotorSpeed[7]       ; Merged with LineFollow:lf1|leftMotorSpeed[5]      ;
; LineFollow:lf1|leftMotorSpeed[1..4]    ; Merged with LineFollow:lf1|leftMotorSpeed[0]      ;
; LineFollow:lf1|bool                    ; Stuck at GND due to stuck port data_in            ;
; LineFollow:lf1|counter[0..24]          ; Stuck at GND due to stuck port data_in            ;
; Receiver:myReceiver|state~4            ; Lost fanout                                       ;
; Receiver:myReceiver|state~5            ; Lost fanout                                       ;
; Receiver:myReceiver|state~6            ; Lost fanout                                       ;
; LineFollow:lf1|state~9                 ; Lost fanout                                       ;
; LineFollow:lf1|state~10                ; Lost fanout                                       ;
; LineFollow:lf1|state~11                ; Lost fanout                                       ;
; Total Number of Removed Registers = 50 ;                                                   ;
+----------------------------------------+---------------------------------------------------+


+---------------------------------------------------------------------------------------------------------------------------------------+
; Removed Registers Triggering Further Register Optimizations                                                                           ;
+---------------------+---------------------------+-------------------------------------------------------------------------------------+
; Register name       ; Reason for Removal        ; Registers Removed due to This Register                                              ;
+---------------------+---------------------------+-------------------------------------------------------------------------------------+
; LineFollow:lf1|bool ; Stuck at GND              ; LineFollow:lf1|counter[21], LineFollow:lf1|counter[20], LineFollow:lf1|counter[19], ;
;                     ; due to stuck port data_in ; LineFollow:lf1|counter[18], LineFollow:lf1|counter[17], LineFollow:lf1|counter[16], ;
;                     ;                           ; LineFollow:lf1|counter[15], LineFollow:lf1|counter[14], LineFollow:lf1|counter[13], ;
;                     ;                           ; LineFollow:lf1|counter[12], LineFollow:lf1|counter[11], LineFollow:lf1|counter[10], ;
;                     ;                           ; LineFollow:lf1|counter[9], LineFollow:lf1|counter[8], LineFollow:lf1|counter[7],    ;
;                     ;                           ; LineFollow:lf1|counter[6], LineFollow:lf1|counter[5], LineFollow:lf1|counter[4],    ;
;                     ;                           ; LineFollow:lf1|counter[3], LineFollow:lf1|counter[2], LineFollow:lf1|counter[1],    ;
;                     ;                           ; LineFollow:lf1|counter[0]                                                           ;
+---------------------+---------------------------+-------------------------------------------------------------------------------------+


+------------------------------------------------------+
; General Register Statistics                          ;
+----------------------------------------------+-------+
; Statistic                                    ; Value ;
+----------------------------------------------+-------+
; Total registers                              ; 109   ;
; Number of registers using Synchronous Clear  ; 61    ;
; Number of registers using Synchronous Load   ; 0     ;
; Number of registers using Asynchronous Clear ; 0     ;
; Number of registers using Asynchronous Load  ; 0     ;
; Number of registers using Clock Enable       ; 31    ;
; Number of registers using Preset             ; 0     ;
+----------------------------------------------+-------+


+--------------------------------------------------+
; Inverted Register Statistics                     ;
+----------------------------------------+---------+
; Inverted Register                      ; Fan out ;
+----------------------------------------+---------+
; LineFollow:lf1|PWM:pwmright|PWM_Out    ; 1       ;
; LineFollow:lf1|dirR                    ; 1       ;
; LineFollow:lf1|PWM:pwmleft|PWM_Out     ; 1       ;
; LineFollow:lf1|dirL                    ; 1       ;
; Total number of inverted registers = 4 ;         ;
+----------------------------------------+---------+


+-----------------------------------------------------------------------------------------------------------------------------------------------------------+
; Multiplexer Restructuring Statistics (Restructuring Performed)                                                                                            ;
+--------------------+-----------+---------------+----------------------+------------------------+------------+---------------------------------------------+
; Multiplexer Inputs ; Bus Width ; Baseline Area ; Area if Restructured ; Saving if Restructured ; Registered ; Example Multiplexer Output                  ;
+--------------------+-----------+---------------+----------------------+------------------------+------------+---------------------------------------------+
; 3:1                ; 17 bits   ; 34 LEs        ; 17 LEs               ; 17 LEs                 ; Yes        ; |Top|LightSensorFilter:lsf1|repeatCount[14] ;
; 3:1                ; 17 bits   ; 34 LEs        ; 17 LEs               ; 17 LEs                 ; Yes        ; |Top|LightSensorFilter:lsf2|repeatCount[2]  ;
; 3:1                ; 17 bits   ; 34 LEs        ; 17 LEs               ; 17 LEs                 ; Yes        ; |Top|LightSensorFilter:lsf3|repeatCount[6]  ;
; 9:1                ; 4 bits    ; 24 LEs        ; 20 LEs               ; 4 LEs                  ; Yes        ; |Top|LineFollow:lf1|leftMotorSpeed[0]       ;
; 4:1                ; 4 bits    ; 8 LEs         ; 4 LEs                ; 4 LEs                  ; Yes        ; |Top|Receiver:myReceiver|sampleCount[0]     ;
; 9:1                ; 5 bits    ; 30 LEs        ; 25 LEs               ; 5 LEs                  ; No         ; |Top|LineFollow:lf1|state                   ;
+--------------------+-----------+---------------+----------------------+------------------------+------------+---------------------------------------------+


+---------------------------------------------------------------------+
; Parameter Settings for User Entity Instance: LightSensorFilter:lsf1 ;
+------------------+-------------------+------------------------------+
; Parameter Name   ; Value             ; Type                         ;
+------------------+-------------------+------------------------------+
; arbitraryRepeats ; 00000000000000101 ; Unsigned Binary              ;
+------------------+-------------------+------------------------------+
Note: In order to hide this table in the UI and the text report file, please set the "Show Parameter Settings in Synthesis Report" option in "Analysis and Synthesis Settings -> More Settings" to "Off".


+---------------------------------------------------------------------+
; Parameter Settings for User Entity Instance: LightSensorFilter:lsf2 ;
+------------------+-------------------+------------------------------+
; Parameter Name   ; Value             ; Type                         ;
+------------------+-------------------+------------------------------+
; arbitraryRepeats ; 00000000000000101 ; Unsigned Binary              ;
+------------------+-------------------+------------------------------+
Note: In order to hide this table in the UI and the text report file, please set the "Show Parameter Settings in Synthesis Report" option in "Analysis and Synthesis Settings -> More Settings" to "Off".


+---------------------------------------------------------------------+
; Parameter Settings for User Entity Instance: LightSensorFilter:lsf3 ;
+------------------+-------------------+------------------------------+
; Parameter Name   ; Value             ; Type                         ;
+------------------+-------------------+------------------------------+
; arbitraryRepeats ; 00000000000000101 ; Unsigned Binary              ;
+------------------+-------------------+------------------------------+
Note: In order to hide this table in the UI and the text report file, please set the "Show Parameter Settings in Synthesis Report" option in "Analysis and Synthesis Settings -> More Settings" to "Off".


+-------------------------------------------------------------+
; Parameter Settings for User Entity Instance: LineFollow:lf1 ;
+----------------+----------+---------------------------------+
; Parameter Name ; Value    ; Type                            ;
+----------------+----------+---------------------------------+
; MAX            ; 10111111 ; Unsigned Binary                 ;
; HALF           ; 01011111 ; Unsigned Binary                 ;
; OFF            ; 00000000 ; Unsigned Binary                 ;
+----------------+----------+---------------------------------+
Note: In order to hide this table in the UI and the text report file, please set the "Show Parameter Settings in Synthesis Report" option in "Analysis and Synthesis Settings -> More Settings" to "Off".


+-------------------------------------------------------------------------+
; Parameter Settings for User Entity Instance: LineFollow:lf1|PWM:pwmleft ;
+----------------+----------+---------------------------------------------+
; Parameter Name ; Value    ; Type                                        ;
+----------------+----------+---------------------------------------------+
; HIGH           ; 1        ; Unsigned Binary                             ;
; LOW            ; 0        ; Unsigned Binary                             ;
; ZEROS          ; 00000000 ; Unsigned Binary                             ;
; FULL           ; 11111111 ; Unsigned Binary                             ;
+----------------+----------+---------------------------------------------+
Note: In order to hide this table in the UI and the text report file, please set the "Show Parameter Settings in Synthesis Report" option in "Analysis and Synthesis Settings -> More Settings" to "Off".


+--------------------------------------------------------------------------+
; Parameter Settings for User Entity Instance: LineFollow:lf1|PWM:pwmright ;
+----------------+----------+----------------------------------------------+
; Parameter Name ; Value    ; Type                                         ;
+----------------+----------+----------------------------------------------+
; HIGH           ; 1        ; Unsigned Binary                              ;
; LOW            ; 0        ; Unsigned Binary                              ;
; ZEROS          ; 00000000 ; Unsigned Binary                              ;
; FULL           ; 11111111 ; Unsigned Binary                              ;
+----------------+----------+----------------------------------------------+
Note: In order to hide this table in the UI and the text report file, please set the "Show Parameter Settings in Synthesis Report" option in "Analysis and Synthesis Settings -> More Settings" to "Off".


+------------------------------------------------------------------+
; Parameter Settings for User Entity Instance: Receiver:myReceiver ;
+----------------+-------+-----------------------------------------+
; Parameter Name ; Value ; Type                                    ;
+----------------+-------+-----------------------------------------+
; readyBit       ; 0     ; Signed Integer                          ;
; sampleHold     ; 1     ; Signed Integer                          ;
; sampleBit      ; 2     ; Signed Integer                          ;
; stopBit        ; 3     ; Signed Integer                          ;
+----------------+-------+-----------------------------------------+
Note: In order to hide this table in the UI and the text report file, please set the "Show Parameter Settings in Synthesis Report" option in "Analysis and Synthesis Settings -> More Settings" to "Off".


+----------------------------------------------------------------------+
; Parameter Settings for User Entity Instance: Translator:myTranslator ;
+----------------+----------+------------------------------------------+
; Parameter Name ; Value    ; Type                                     ;
+----------------+----------+------------------------------------------+
; s              ; 01110011 ; Unsigned Binary                          ;
; e              ; 01100101 ; Unsigned Binary                          ;
+----------------+----------+------------------------------------------+
Note: In order to hide this table in the UI and the text report file, please set the "Show Parameter Settings in Synthesis Report" option in "Analysis and Synthesis Settings -> More Settings" to "Off".


+-------------------------------------------------+
; Port Connectivity Checks: "Receiver:myReceiver" ;
+------+-------+----------+-----------------------+
; Port ; Type  ; Severity ; Details               ;
+------+-------+----------+-----------------------+
; rst  ; Input ; Info     ; Stuck at VCC          ;
+------+-------+----------+-----------------------+


+-------------------------------+
; Analysis & Synthesis Messages ;
+-------------------------------+
Info: *******************************************************************
Info: Running Quartus Prime Analysis & Synthesis
    Info: Version 16.1.0 Build 196 10/24/2016 SJ Lite Edition
    Info: Processing started: Mon May 01 17:41:45 2017
Info: Command: quartus_map --read_settings_files=on --write_settings_files=off Top -c Top
Warning (18236): Number of processors has not been specified which may cause overloading on shared machines.  Set the global assignment NUM_PARALLEL_PROCESSORS in your QSF to an appropriate value for best performance.
Info (20030): Parallel compilation is enabled and will use 2 of the 2 processors detected
Info (12021): Found 1 design units, including 1 entities, in source file /users/alamin/documents/computerarchitecture/linefollowrobot/delay.v
    Info (12023): Found entity 1: delay File: C:/Users/Alamin/Documents/ComputerArchitecture/LineFollowRobot/delay.v Line: 1
Info (12021): Found 1 design units, including 1 entities, in source file translator.v
    Info (12023): Found entity 1: Translator File: C:/Users/Alamin/Documents/ComputerArchitecture/LineFollowNew/Translator.v Line: 1
Info (12021): Found 1 design units, including 1 entities, in source file top.v
    Info (12023): Found entity 1: Top File: C:/Users/Alamin/Documents/ComputerArchitecture/LineFollowNew/Top.v Line: 13
Info (12021): Found 1 design units, including 1 entities, in source file receiver.v
    Info (12023): Found entity 1: Receiver File: C:/Users/Alamin/Documents/ComputerArchitecture/LineFollowNew/Receiver.v Line: 2
Info (12021): Found 1 design units, including 1 entities, in source file pwm.v
    Info (12023): Found entity 1: PWM File: C:/Users/Alamin/Documents/ComputerArchitecture/LineFollowNew/PWM.v Line: 1
Info (12021): Found 1 design units, including 1 entities, in source file linefollow.v
    Info (12023): Found entity 1: LineFollow File: C:/Users/Alamin/Documents/ComputerArchitecture/LineFollowNew/LineFollow.v Line: 2
Info (12021): Found 1 design units, including 1 entities, in source file lightsensorfilter.v
    Info (12023): Found entity 1: LightSensorFilter File: C:/Users/Alamin/Documents/ComputerArchitecture/LineFollowNew/LightSensorFilter.v Line: 4
Info (12127): Elaborating entity "Top" for the top level hierarchy
Info (12128): Elaborating entity "LightSensorFilter" for hierarchy "LightSensorFilter:lsf1" File: C:/Users/Alamin/Documents/ComputerArchitecture/LineFollowNew/Top.v Line: 21
Warning (10230): Verilog HDL assignment warning at LightSensorFilter.v(21): truncated value with size 32 to match size of target (17) File: C:/Users/Alamin/Documents/ComputerArchitecture/LineFollowNew/LightSensorFilter.v Line: 21
Info (12128): Elaborating entity "LineFollow" for hierarchy "LineFollow:lf1" File: C:/Users/Alamin/Documents/ComputerArchitecture/LineFollowNew/Top.v Line: 28
Warning (10230): Verilog HDL assignment warning at LineFollow.v(48): truncated value with size 32 to match size of target (25) File: C:/Users/Alamin/Documents/ComputerArchitecture/LineFollowNew/LineFollow.v Line: 48
Warning (10230): Verilog HDL assignment warning at LineFollow.v(62): truncated value with size 32 to match size of target (25) File: C:/Users/Alamin/Documents/ComputerArchitecture/LineFollowNew/LineFollow.v Line: 62
Warning (10230): Verilog HDL assignment warning at LineFollow.v(76): truncated value with size 32 to match size of target (25) File: C:/Users/Alamin/Documents/ComputerArchitecture/LineFollowNew/LineFollow.v Line: 76
Warning (10230): Verilog HDL assignment warning at LineFollow.v(90): truncated value with size 32 to match size of target (25) File: C:/Users/Alamin/Documents/ComputerArchitecture/LineFollowNew/LineFollow.v Line: 90
Warning (10230): Verilog HDL assignment warning at LineFollow.v(104): truncated value with size 32 to match size of target (25) File: C:/Users/Alamin/Documents/ComputerArchitecture/LineFollowNew/LineFollow.v Line: 104
Warning (10230): Verilog HDL assignment warning at LineFollow.v(118): truncated value with size 32 to match size of target (25) File: C:/Users/Alamin/Documents/ComputerArchitecture/LineFollowNew/LineFollow.v Line: 118
Warning (10230): Verilog HDL assignment warning at LineFollow.v(132): truncated value with size 32 to match size of target (25) File: C:/Users/Alamin/Documents/ComputerArchitecture/LineFollowNew/LineFollow.v Line: 132
Info (12128): Elaborating entity "PWM" for hierarchy "LineFollow:lf1|PWM:pwmleft" File: C:/Users/Alamin/Documents/ComputerArchitecture/LineFollowNew/LineFollow.v Line: 18
Warning (10230): Verilog HDL assignment warning at PWM.v(23): truncated value with size 32 to match size of target (8) File: C:/Users/Alamin/Documents/ComputerArchitecture/LineFollowNew/PWM.v Line: 23
Info (12128): Elaborating entity "Receiver" for hierarchy "Receiver:myReceiver" File: C:/Users/Alamin/Documents/ComputerArchitecture/LineFollowNew/Top.v Line: 29
Warning (10230): Verilog HDL assignment warning at Receiver.v(33): truncated value with size 32 to match size of target (9) File: C:/Users/Alamin/Documents/ComputerArchitecture/LineFollowNew/Receiver.v Line: 33
Warning (10230): Verilog HDL assignment warning at Receiver.v(46): truncated value with size 32 to match size of target (4) File: C:/Users/Alamin/Documents/ComputerArchitecture/LineFollowNew/Receiver.v Line: 46
Info (12128): Elaborating entity "Translator" for hierarchy "Translator:myTranslator" File: C:/Users/Alamin/Documents/ComputerArchitecture/LineFollowNew/Top.v Line: 31
Info (17049): 6 registers lost all their fanouts during netlist optimizations.
Info (21057): Implemented 171 device resources after synthesis - the final resource count might be different
    Info (21058): Implemented 5 input pins
    Info (21059): Implemented 13 output pins
    Info (21061): Implemented 153 logic cells
Info (144001): Generated suppressed messages file C:/Users/Alamin/Documents/ComputerArchitecture/LineFollowNew/output_files/Top.map.smsg
Info: Quartus Prime Analysis & Synthesis was successful. 0 errors, 12 warnings
    Info: Peak virtual memory: 590 megabytes
    Info: Processing ended: Mon May 01 17:42:01 2017
    Info: Elapsed time: 00:00:16
    Info: Total CPU time (on all processors): 00:00:34


+------------------------------------------+
; Analysis & Synthesis Suppressed Messages ;
+------------------------------------------+
The suppressed messages can be found in C:/Users/Alamin/Documents/ComputerArchitecture/LineFollowNew/output_files/Top.map.smsg.


